<?xml version="1.0" encoding="UTF-8"?>
<testsuite xmlns:xsi="http://www.w3.org/2001/XMLSchema-instance" xsi:noNamespaceSchemaLocation="https://maven.apache.org/surefire/maven-surefire-plugin/xsd/surefire-test-report-3.0.xsd" version="3.0" name="com.app.MyFirstDockerApp.MyFirstDockerAppApplicationTests" time="2.075" tests="1" errors="0" skipped="0" failures="0">
  <properties>
[...]
</properties>
  <testcase name="contextLoads" classname="com.app.MyFirstDockerApp.MyFirstDockerAppApplicationTests" time="0.59">
    <system-out><![CDATA[12:17:03.080 [main] INFO org.springframework.test.context.support.AnnotationConfigContextLoaderUtils -- Could not detect default configuration classes for test class [com.app.MyFirstDockerApp.MyFirstDockerAppApplicationTests]: MyFirstDockerAppApplicationTests does not declare any static, non-private, non-final, nested classes annotated with @Configuration.
12:17:03.165 [main] INFO org.springframework.boot.test.context.SpringBootTestContextBootstrapper -- Found @SpringBootConfiguration com.app.MyFirstDockerApp.MyFirstDockerAppApplication for test class com.app.MyFirstDockerApp.MyFirstDockerAppApplicationTests

  .   ____          _            __ _ _
 /\\ / ___'_ __ _ _(_)_ __  __ _ \ \ \ \
( ( )\___ | '_ | '_| | '_ \/ _` | \ \ \ \
 \\/  ___)| |_)| | | | | || (_| |  ) ) ) )
  '  |____| .__|_| |_|_| |_\__, | / / / /
 =========|_|==============|___/=/_/_/_/

 :: Spring Boot ::                (v3.3.1)

2024-07-10T12:17:03.492+02:00  INFO 34748 --- [MyFirstDockerApp] [           main] c.a.M.MyFirstDockerAppApplicationTests   : Starting MyFirstDockerAppApplicationTests using Java 21.0.1 with PID 34748 (started by tomma in C:\Users\tomma\Desktop\MyFirstDockerApp)
2024-07-10T12:17:03.493+02:00  INFO 34748 --- [MyFirstDockerApp] [           main] c.a.M.MyFirstDockerAppApplicationTests   : No active profile set, falling back to 1 default profile: "default"
2024-07-10T12:17:04.408+02:00  INFO 34748 --- [MyFirstDockerApp] [           main] c.a.M.MyFirstDockerAppApplicationTests   : Started MyFirstDockerAppApplicationTests in 1.129 seconds (process running for 1.896)
]]></system-out>
    <system-err><![CDATA[WARNING: A Java agent has been loaded dynamically (C:\Users\tomma\.m2\repository\net\bytebuddy\byte-buddy-agent\1.14.17\byte-buddy-agent-1.14.17.jar)
WARNING: If a serviceability tool is in use, please run with -XX:+EnableDynamicAgentLoading to hide this warning
WARNING: If a serviceability tool is not in use, please run with -Djdk.instrument.traceUsage for more information
WARNING: Dynamic loading of agents will be disallowed by default in a future release
]]></system-err>
  </testcase>
</testsuite>